[    0.000000] Linux version 4.15.0-43-generic (buildd@lgw01-amd64-001) (gcc version 7.3.0 (Ubuntu 7.3.0-16ubuntu3)) #46-Ubuntu SMP Thu Dec 6 14:45:28 UTC 2018 (Ubuntu 4.15.0-43.46-generic 4.15.18)
[    0.000000] Command line: BOOT_IMAGE=/boot/vmlinuz-4.15.0-43-generic root=LABEL=cloudimg-rootfs ro console=tty1 console=ttyS0
[    0.000000] KERNEL supported cpus:
[    0.000000]   Intel GenuineIntel
[    0.000000]   AMD AuthenticAMD
[    0.000000]   Centaur CentaurHauls
[    0.000000] x86/fpu: Supporting XSAVE feature 0x001: 'x87 floating point registers'
[    0.000000] x86/fpu: Supporting XSAVE feature 0x002: 'SSE registers'
[    0.000000] x86/fpu: Supporting XSAVE feature 0x004: 'AVX registers'
[    0.000000] x86/fpu: xstate_offset[2]:  576, xstate_sizes[2]:  256
[    0.000000] x86/fpu: Enabled xstate features 0x7, context size is 832 bytes, using 'standard' format.
[    0.000000] e820: BIOS-provided physical RAM map:
[    0.000000] BIOS-e820: [mem 0x0000000000000000-0x000000000009fbff] usale
[    0.000000] BIOS-e820: [mem 0x000000000009fc00-0x000000000009ffff] reserved
[    0.000000] BIOS-e820: [mem 0x00000000000f0000-0x00000000000fffff] reserved
[    0.000000] BIOS-e820: [mem 0x0000000000100000-0x000000003ffeffff] usable
[    0.000000] BIOS-e820: [mem 0x000000003fff0000-0x000000003fffffff] ACPI dta
[    0.000000] BIOS-e820: [mem 0x00000000fec00000-0x00000000fec00fff] reserved
[    0.000000] BIOS-e820: [mem 0x00000000fee00000-0x00000000fee00fff] reserved
[    0.000000] BIOS-e820: [mem 0x00000000fffc0000-0x00000000ffffffff] reserved
[    0.000000] NX (Execute Disable) protection: active
[    0.000000] SMBIOS 2.5 present.
[    0.000000] DMI: innotek GmbH VirtualBox/VirtualBox, BIOS VirtualBox 12/01/2006
[    0.000000] Hypervisor detected: KVM
[    0.000000] e820: last_pfn = 0x3fff0 max_arch_pfn = 0x400000000
[    0.000000] MTRR: Disabled
[    0.000000] x86/PAT: MTRRs disabled, skipping PAT initialization too.
[    0.000000] CPU MTRRs all blank - virtualized system.
[    0.000000] x86/PAT: Configuration [0-7]: WB  WT  UC- UC  WB  WT  UC- UC  
[    0.000000] found SMP MP-table at [mem 0x0009fff0-0x0009ffff] mapped at [        (ptrval)]
[    0.000000] Scanning 1 areas for low memory corruption
[    0.000000] RAMDISK: [mem 0x35ae1000-0x36d67fff]
[    0.000000] ACPI: Early table checksum verification disabled
[    0.000000] ACPI: RSDP 0x00000000000E0000 000024 (v02 VBOX  )
[    0.000000] ACPI: XSDT 0x000000003FFF0030 00003C (v01 VBOX   VBOXXSDT 00000001 ASL  00000061)
[    0.000000] ACPI: FACP 0x000000003FFF00F0 0000F4 (v04 VBOX   VBOXFACP 00000001 ASL  00000061)
[    0.000000] ACPI: DSDT 0x000000003FFF0470 0021FF (v02 VBOX   VBOXBIOS 00000002 INTL 20180105)
[    0.000000] ACPI: FACS 0x000000003FFF0200 000040
[    0.000000] ACPI: FACS 0x000000003FFF0200 000040
[    0.000000] ACPI: APIC 0x000000003FFF0240 00005C (v02 VBOX   VBOXAPIC 00000001 ASL  00000061)
[    0.000000] ACPI: SSDT 0x000000003FFF02A0 0001CC (v01 VBOX   VBOXCPUT 00000002 INTL 20180105)
[    0.000000] No NUMA configuration found
[    0.000000] Faking a node at [mem 0x0000000000000000-0x000000003ffeffff]
[    0.000000] NODE_DATA(0) allocated [mem 0x3ffc5000-0x3ffeffff]
[    0.000000] kvm-clock: cpu 0, msr 0:3ff44001, primary cpu clock
[    0.000000] kvm-clock: Using msrs 4b564d01 and 4b564d00
[    0.000000] kvm-clock: using sched offset of 3299893511 cycles
[    0.000000] clocksource: kvm-clock: mask: 0xffffffffffffffff max_cycles: 0x1cd42e4dffb, max_idle_ns: 881590591483 ns
[    0.000000] Zone ranges:
[    0.000000]   DMA      [mem 0x0000000000001000-0x0000000000ffffff]
[    0.000000]   DMA32    [mem 0x0000000001000000-0x000000003ffeffff]
[    0.000000]   Normal   empty
[    0.000000]   Device   empty
[    0.000000] Movable zone start for each node
[    0.000000] Early memory node ranges
[    0.000000]   node   0: [mem 0x0000000000001000-0x000000000009efff]
[    0.000000]   node   0: [mem 0x0000000000100000-0x000000003ffeffff]
[    0.000000] Initmem setup node 0 [mem 0x0000000000001000-0x000000003ffeffff]
[   0.000000] Reserved but unavailable: 98 pages
[    0.000000] ACPI: PM-Timer IO Port: 0x4008
[    0.000000] IOAPIC[0]: apic_id 2, version 32, address 0xfec00000, GSI 0-23
[    0.000000] ACPI: INT_SRC_OVR (bus 0 bus_irq 0 global_irq 2 dfl dfl)
[    0.000000] ACPI: INT_SRC_OVR (bus 0 bus_irq 9 global_irq 9 low level)
[    0.000000] Using ACPI (MADT) for SMP configuration information
[    0.000000] smpboot: Allowing 2 CPUs, 0 hotplug CPUs
[    0.000000] PM: Registered nosave memory: [mem 0x00000000-0x00000fff]
[    0.000000] PM: Registered nosave memory: [mem 0x0009f000-0x0009ffff]
[    0.000000] PM: Registered nosave memory: [mem 0x000a0000-0x000effff]
[    0.000000] PM: Registered nosave memory: [mem 0x000f0000-0x000fffff]
[    0.000000] e820: [mem 0x40000000-0xfebfffff] available for PCI devices
[    0.000000] Booting paravirtualized kernel on KVM
[    0.000000] clocksource: refined-jiffies: mask: 0xffffffff max_cycles: 0xffffffff, max_idle_ns: 7645519600211568 ns
[    0.000000] random: get_random_bytes called from start_kernel+0x99/0x4fd with crng_init=0
[    0.000000] setup_percpu: NR_CPUS:8192 nr_cpumask_bits:2 nr_cpu_ids:2 nr_node_ids:1
[    0.000000] percpu: Embedded 46 pages/cpu @        (ptrval) s151552 r8192 d28672 u1048576
[    0.000000] PV qspinlock hash table entries: 256 (order: 0, 4096 bytes)
[    0.000000] Built 1 zonelists, mobility grouping on.  Total pages: 257913
[    0.000000] Policy zone: DMA32
[    0.000000] Kernel command line: BOOT_IMAGE=/boot/vmlinuz-4.15.0-43-generic root=LABEL=cloudimg-rootfs ro console=tty1 console=ttyS0
[    0.000000] Memory: 983612K/1048120K available (12300K kernel code, 2472K rwdata, 4252K rodata, 2408K init, 2416K bss, 64508K reserved, 0K cma-reserved)
[    0.000000] SLUB: HWalign=64, Order=0-3, MinObjects=0, CPUs=2, Nodes=1
[    0.000000] Kernel/User page tables isolation: enabled
[    0.000000] ftrace: allocating 39186 entries in 154 pages
[    0.004000] Hierarchical RCU implementation.
[    0.004000] 	RCU restricting CPUs from NR_CPUS=8192 to nr_cpu_ids=2.
[    0.004000] 	Tasks RCU enabled.
[    0.004000] RCU: Adjusting geometry for rcu_fanout_leaf=16, nr_cpu_ids=2
[    0.004000] NR_IRQS: 524544, nr_irqs: 440, preallocated irqs: 16
[    0.004000] Console: colour VGA+ 80x25
[    0.004000] console [tty1] enabled
[    0.004000] console [ttyS0] enabled
[    0.004000] ACPI: Core revision 20170831
[    0.004000] ACPI: 2 ACPI AML tables successfully acquired and loaded
[    0.004000] APIC: Switc to symmetric I/O mode setup
[    0.004468] x2apic enabled
[    0.008007] Switched APIC routing to physical x2apic.
[    0.010505] ..TIMER: vector=0x30 apic1=0 pin1=2 apic2=-1 pin2=-1
[    0.012008] tsc: Detected 2399.998 MHz processor
[    0.016016] Calibrating delay loop (skipped) preset value.. 4799.99 BogoMIPS (lpj=9599992)
[    0.020010] pid_max: default: 32768 minimum: 301
[    0.028065] Security Framework initialized
[    0.032007] Yama: becoming mindful.
[    0.033266] AppArmor: AppArmor initialized
[    0.036773] Dentry cache hash table entries: 131072 (order: 8, 1048576 bytes)
[    0.040077] Inode-cache hash table entries: 65536 (order: 7, 524288 bytes)
[    0.041382] Mount-cache hash table entries: 2048 (order: 2, 16384 bytes)
[    0.044016] Mountpoint-cache hash table entries: 2048 (order: 2, 16384 bytes)
[    0.048276] mce: CPU supports 0 MCE banks
[    0.049094] Last level iTLB entries: 4KB 64, 2MB 8, 4MB 8
[    0.052004] Last level dTLB entries: 4KB 64, 2MB 0, 4MB 0, 1GB 4
[    0.056009] Spectre V2 : Mitigation: Full generic retpoline
[    0.057214] Spectre V2 : Spectre v2 / SpectreRSB mitigation: Filling RSB on context switch
[    0.060005] Speculative Store Bypass: Vulnerable
[    0.061194] Freeing SMP alternatives memory: 36K
[    0.068000] smpboot: CPU0: Intel(R) Core(TM) i5-6200U CPU @ 2.30GHz (family: 0x6, model: 0x4e, stepping: 0x3)
[    0.068120] Performance Events: unsupported p6 CPU model 78 no PMU driver, software events only.
[    0.072061] Hierarchical SRCU implementation.
[    0.076701] NMI watchdog: Perf event create on CPU 0 failed with -2
[    0.078006] NMI watchdog: Perf NMI watchdog permanently disabled
[    0.080085] smp: Bringing up secondary CPUs ...
[    0.084145] x86: Booting SMP configuration:
[    0.088015] .... node  #0, CPUs:      #1
[    0.004000] kvm-clock: cpu 1, msr 0:3ff44041, secondary cpu clock
[    0.004000] mce: CPU supports 0 MCE banks
[    0.096027] smp: Brought up 1 node, 2 CPUs
[    0.096824] smpboot: Max logical packages: 1
[    0.097669] smpboot: Total of 2 processors activated (9599.99 BogoMIPS)
[    0.100165] devtmpfs: initialized
[    0.100764] x86/mm: Memory block size: 128MB
[    0.101782] evm: security.selinux
[    0.104006] evm: security.SMACK64
[    0.104695] evm: security.SMACK64EXEC
[    0.105482] evm: security.SMACK64TRANSMUTE
[    0.106297] evm: security.SMACK64MMAP
[    0.107041] evm: security.apparmor
[    0.108007] evm: security.ima
[    0.108619] evm: security.capability
[    0.109401] clocksource: jiffies: mask: 0xffffffff max_cycles: 0xffffffff, max_idle_ns: 7645041785100000 ns
[    0.112019] futex hash table entries: 512 (order: 3, 32768 bytes)
[    0.120081] pinctrl core: initialized pinctrl subsystem
[    0.124683] RTC time: 21:41:10, date: 01/21/19
[    0.125814] NET: Registered protocol family 16
[    0.128140] audit: initializing netlink subsys (disabled)
[    0.130348] audit: type=2000 audit(1548106874.463:1): state=initialized audit_enabled=0 res=1
[    0.160020] cpuidle: using governor ladder
[    0.161192] cpuidle: using governor menu
[    0.164074] ACPI: bus type PCI registered
[    0.165046] acpiphp: ACPI Hot Plug PCI Controller Driver version: 0.5
[    0.168180] PCI: Using configuration type 1 for base access
[    0.172072] HugeTLB registered 2.00 MiB page size, pre-allocated 0 pages
[    0.173664] ACPI: Added _OSI(Module Device)
[    0.176007] ACPI: Added _OSI(Processor Device)
[    0.180019] ACPI: Added _OSI(3.0 _SCP Extensions)
[    0.181156] ACPI: Added _OSI(Processor Aggregator Device)
[    0.184007] ACPI: Added _OSI(Linux-Dell-Video)
[    0.188010] ACPI: Added _OSI(Linux-Lenovo-NV-HDMI-Audio)
[    0.196313] ACPI: Executed 1 blocks of module-level executable AML code
[    0.203052] ACPI: Interpreter enabled
[    0.204032] ACPI: (supports S0 S5)
[    0.204900] ACPI: Using IOAPIC for interrupt routing
[    0.208555] PCI: Using host bridge windows from ACPI; if necessary, use "pci=nocrs" and report a bug
[    0.210960] ACPI: Enabled 2 GPEs in block 00 to 07
[    0.223034] ACPI: PCI Root Bridge [PCI0] (domain 0000 [bus 00-ff])
[    0.224022] acpi PNP0A03:00: _OSC: OS supports [ASPM ClockPM Segments MSI]
[    0.228087] acpi PNP0A03:00: _OSC: not requesting OS control; OS requires [ExtendedConfig ASPM ClockPM MSI]
[    0.232035] acpi PNP0A03:00: fail to add MMCONFIG information, can't access extended PCI configuration space under this bridge.
[    0.236126] PCI host bridge to bus 0000:00
[    0.237165] pci_bus 0000:00: root bus resource [io  0x0000-0x0cf7 window]
[    0.238742] pci_bus 0000:00: root bus resource [io  0x0d00-0xffff window]
[    0.240009] pci_bus 0000:00: root bus resource [mem 0x000a0000-0x000bffff window]
[    0.242816] pci_bus 0000:00: root bus resource [mem 0x40000000-0xfdffffff window]
[    0.244009] pci_bus 0000:00: root bus resource [bus 00-ff]
[    0.249596] pci 0000:00:01.1: legacy IDE quirk: reg 0x10: [io  0x01f0-0x01f7]
[    0.252011] pci 0000:00:01.1: legacy IDE quirk: reg 0x14: [io  0x03f6]
[    0.256010] pci 0000:00:01.1: legacy IDE quirk: reg 0x18: [io  0x0170-0x0177]
[    0.260007] pci 0000:00:01.1: legacy IDE quirk: reg 0x1c: [io  0x0376]
[    0.285252] pci 0000:00:07.0: quirk: [io  0x4000-0x403f] claimed by PIIX4 ACPI
[    0.288027] pci 0000:00:07.0: quirk: [io  0x4100-0x410f] claimed by PIIX4 SMB
[    0.304309] ACPI: PCI Interrupt Link [LNKA] (IRQs 5 9 10 *11)
[    0.308624] ACPI: PCI Interrupt Link [LNKB] (IRQs 5 9 *10 11)
[    0.316229] ACPI: PCI Interrupt Link [LNKC] (IRQs 5 *9 10 11)
[    0.320246] ACPI: PCI Interrupt Link [LNKD] (IRQs 5 9 10 *11)
[    0.324734] SCSI subsystem initialized
[    0.328116] pci 0000:00:02.0: vgaarb: setting as boot VGA device
[    0.329416] pci 0000:00:02.0: vgaarb: VGA device added: decodes=io+mem,owns=io+mem,locks=none
[    0.332014] pci 0000:00:02.0: vgaarb: bridge control possible
[    0.333279] vgaarb: loaded
[    0.334048] ACPI: bus type USB registered
[    0.336055] usbcore: registered new interface driver usbfs
[    0.340034] usbcore: registered new interface driver hub
[    0.342362] usbcore: registered new device driver usb
[    0.348021] EDAC MC: Ver: 3.0.0
[    0.349006] PCI: Using ACPI for IRQ routing
[    0.349381] NetLabel: Initializing
[    0.352008] NetLabel:  domain hash size = 128
[    0.356005] NetLabel:  protocols = UNLABELED CIPSOv4 CALIPSO
[    0.357611] NetLabel:  unlabeled traffic allowed by default
[    0.360086] clocksource: Switched to clocksource kvm-clock
[    0.372787] VFS: Disk quotas dquot_6.6.0
[    0.373657] VFS: Dquot-cache hash table entries: 512 (order 0, 4096 bytes)
[    0.377229] AppArmor: AppArmor Filesystem Enabled
[    0.404245] pnp: PnP ACPI init
[    0.405915] pnp: PnP ACPI: found 3 devices
[    .4943] cloksrce: acpi_pm: mask: 0xffffff max_cycles: 0xffffff, max_idle_ns: 2085701024 ns
[    0.603663] NET: Registered prooc fil2
[    0.798606] TCP established hash table entries: 8192 (order: 4, 65536 bytes)
[    0.800297] TCP bind hash table entries: 8192 (order: 5, 131072 bytes)
[    0.874129] TCP: Hash tabes configured (established 8192 bind 8192)
[    0.899673] UDP hash table entries: 512 (order: 2, 16384 bytes)
[    0.900723] UDP-Lite hash table entries: 512 (order: 2, 16384 bytes)
[    0.901839] NET: Registered protocol family 1
[    0.902779] pci 0000:00:00.0: Limiting direct PCI/PCI transfers
[    0.903974] pci 0000:00:01.0: Activating ISA DMA hang workarounds
[    0.905306] pci 0000:00:02.0: Video device with shadowed ROM at [mem 0x000c00000x000dffff]
[    0.930905] Unpacking initramfs...

[    1.217659] Freeing initrd memory: 18972K
[    1.220926] platform rtc_cmos: registered platform RTC device (no PNP device found)
[    1.348782] Scanning for low memory corruption every 60 seconds
[    1.350862] Initialise system trusted keyrings
[    1.360684] Key type blacklist registered
[    1.361579] workingset: timestamp_bits=36 max_order=18 bucket_order=0
[    1.365918] zbud: loaded
[    1.367058] squashfs: version 4.0 (2009/01/31) Phillip Lougher
[    1.369732] fuse init (API version 7.26)
[    1.373063] Key type asymmetric registered
[    1.375101] Asymmetric key parser 'x509' registered
[    1.384639] Block layer SCSI generic (bsg) driver version 0.4 loaded (major 246)
[    1.389624] io scheduler noop registered
[    1.390423] io scheduler deadline registered
[    1.391319] io scheduler cfq registered (default)
[    1.392534] ACPI: AC Adapter [AC] (off-line)
[    1.393436] input: Power Button as /devices/LNXSYSTM:00/LNXPWRBN:00/input/input0
[    1.394947] ACPI: Power Button [PWRF]
[    1.395792] input: Sleep Button as /devices/LNXSYSTM:00/LNXSLPBN:00/input/input1
[    1.453013] ACPI: Sleep Button [SLPF]
[    1.454822] ACPI: Battery Slot [BAT0] (battery present)
[    1.456126] Serial: 8250/16550 driver, 32 ports, IRQ sharing enabled
[    1.479236] 00:02: ttyS0 at I/O 0x3f8 (irq = 4, base_baud = 115200) is a 16550A
[    1.483537] Linux agpgart interface v0.103
[    1.486398] loop: module loaded
[    1.489622] scsi host0: ata_piix
[    1.490590] scsi host1: ata_piix
[    1.496463] ata1: PATA max UDMA/33 cmd 0x1f0 ctl 0x3f6 bmdma 0xd000 irq 14
[    1.510726] ata2: PATA max UDMA/33 cmd 0x170 ctl 0x376 bmdma 0xd008 irq 15
[    1.512288] libphy: Fixed MDIO Bus: probed
[    1.518397] tun: Universal TUN/TAP device driver, 1.6
[    1.521000] PPP generic driver version 2.4.2
[    1.522003] ehci_hcd: USB 2.0 'Enhanced' Host Controller (EHCI) Driver
[    1.523145] ehci-pci: EHCI PCI platform driver
[    1.538570] ehci-platform: EHCI generic platform driver
[    1.540137] ohci_hcd: USB 1.1 'Open' Host Controller (OHCI) Driver
[    1.542948] ohci-pci: OHCI PCI platform driver
[    1.548580] ohci-platform: OHCI generic platform driver
[    1.556523] uhci_hcd: USB Universal Host Controller Interface driver
[    1.557804] i8042: PNP: PS/2 Controller [PNP0303:PS2K,PNP0f03:PS2M] at 0x60,0x64 irq 1,12
[    1.576877] serio: i8042 KBD port at 0x60,0x64 irq 1
[    1.601038] serio: i8042 AUX port at 0x60,0x64 irq 12
[    1.631658] mousedev: PS/2 mouse device common for all mice
[    1.637523] input: AT Translated Set 2 keyboard as /devices/platform/i8042/serio0/input/input2
[    1.644157] rtc_cmos rtc_cmos: rtc core: registered rtc_cmos as rtc0
[    1.644245] rtc_cmos rtc_cmos: alarms up to one day, 114 bytes nvram
[    1.644260] i2c /dev entries driver
[    1.644269] pcie_mp2_amd: AMD(R) PCI-E MP2 Communication Driver Version: 1.0
[    1.644372] device-mapper: uevent: version 1.0.3
[    1.644446] device-mapper: ioctl: 4.37.0-ioctl (2017-09-20) initialised: dm-devel@redhat.com
[    1.769654] ledtrig-cpu: registered to indicate activity on CPUs
[    1.783510] NET: Registered protocol family 10
[    1.807747] Segment Routing with IPv6
[    1.808783] NET: Registered protocol family 17
[    1.823328] Key type dns_resolver registered
[    1.824408] RAS: Correctable Errors collector initialized.
[    1.843488] sched_clock: Marking stable (1843419271, 0)->(2939057168, -1095637897)
[    1.880857] registered taskstats version 1
[    1.881673] Loading compiled-in X.509 certificates
[    1.885084] Loaded X.509 cert 'Build time autogenerated kernel key: 6afcca3ddc80072aeae87585a7fdb65d40603f58'
[    2.016539] zswap: loaded using pool lzo/zbud
[    2.070971] Key type big_key registered
[    2.079989] Key type trusted registered
[    2.166197] Key type encrypted registered
[    2.170633] AppArmor: AppArmor sha1 policy hashing enabled
[    2.172962] ima: No TPM chip found, activating TPM-bypass! (rc=-19)
[    2.174707] ima: Allocated hash algorithm: sha1
[    2.176082] evm: HMAC attrs: 0x1
[    2.177111]   Magic number: 3:907:702
[    2.203455] rtc_cmos rtc_cmos: setting system clock to 2019-01-21 21:41:12 UTC (1548106872)
[    2.663573] BIOS EDD facility v0.16 2004-Jun-25, 0 devices found
[    2.665361] tsc: Refined TSC clocksource calibration: 2400.986 MHz
[    2.665371] clocksource: tsc: mask: 0xffffffffffffffff max_cycles: 0x229bdb0aa5b, max_idle_ns: 440795324727 ns
[    2.809984] EDD information not available.
[    2.920431] Freeing unused kernel memory: 2408K
[    2.960056] Write protecting the kernel read-only data: 20480k
[    2.974347] Freeing unused kernel memory: 2008K
[    2.996406] Freeing unused kernel memory: 1892K
[    3.019638] x86/mm: Checked W+X mappings: passed, no W+X pages found.
[    3.132721] x86/mm: Checking user space page tables
[    3.139194] x86/mm: Checked W+X mappings: passed, no W+X pages found.
Loading, please wait...
starting version 237
[    3.215250] e1000: Intel(R) PRO/1000 Network Driver - version 7.3.21-k8-NAPI
[    3.263237] e1000: Copyright (c) 1999-2006 Intel Corporation.
[    3.349679] Fusion MPT base driver 3.04.20
[    3.361954] Copyright (c) 1999-2008 LSI Corporation
[    3.401310] AVX2 version of gcm_enc/dec engaged.
[    3.410533] AES CTR mode by8 optimization enabled
[    3.415721] Fusion MPT SPI Host driver 3.04.20
[    3.571097] input: ImExPS/2 Generic Explorer Mouse as /devices/platform/i8042/serio1/input/input4
[    3.752123] e1000 0000:00:03.0 eth0: (PCI:33MHz:32-bit) 02:98:04:24:a5:26
[    4.081002] e1000 0000:00:03.0 eth0: Intel(R) PRO/1000 Network Connection
[    4.083357] mptbase: ioc0: Initiating bringup
[    4.213353] ioc0: LSI53C1030 A0: Capabilities={Initiator}
[    5.496567] scsi host2: ioc0: LSI53C1030 A0, FwRev=00000000h, Ports=1, MaxQ=256, IRQ=20
[    5.793598] scsi 2:0:0:0: Direct-Access     VBOX     HARDDISK         1.0  PQ: 0 ANSI: 5
[    6.492484] scsi target2:0:0: Beginning Domain Validation
[    6.510455] scsi target2:0:0: Domain Validation skipping write tests
[    6.524123] scsi target2:0:0: Ending Domain Validation
[    6.535697] scsi target2:0:0: asynchronous
[    6.540353] scsi 2:0:1:0: Direct-Access     VBOX     HARDDISK         1.0  PQ: 0 ANSI: 5
[    6.833234] scsi target2:0:1: Beginning Domain Validation
[    6.855305] e1000 0000:00:08.0 eth1: (PCI:33MHz:32-bit) 08:00:27:a0:4a:35
[    6.855315] e1000 0000:00:08.0 eth1: Intel(R) PRO/1000 Network Connection
[    7.045032] e1000 0000:00:08.0 enp0s8: renamed from eth1
[    7.049970] random: fast init done
[    7.053896] scsi target2:0:1: Domain Validation skipping write tests
[    7.063176] scsi target2:0:1: Ending Domain Validation
[    7.065335] scsi target2:0:1: asynchronous
[    7.100448] random: systemd-udevd: uninitialized urandom read (16 bytes read)
[    7.100514] random: systemd-udevd: uninitialized urandom read (16 bytes read)
[    7.100545] random: systemd-udevd: uninitialized urandom read (16 bytes read)
[    7.100740] e1000 0000:00:03.0 enp0s3: renamed from eth0
[    7.134156] sd 2:0:0:0: Attached scsi generic sg0 type 0
[    7.143307] sd 2:0:0:0: [sda] 20971520 512-byte logical blocks: (10.7 GB/10.0 GiB)
[    7.144219] sd 2:0:1:0: Attached scsi generic sg1 type 0
[    7.144526] sd 2:0:1:0: [sdb] 20480 512-byte logical blocks: (10.5 MB/10.0 MiB)
[    7.144582] sd 2:0:1:0: [sdb] Write Protect is off
[    7.144681] sd 2:0:1:0: [sdb] Incomplete mode parameter data
[    7.144683] sd 2:0:1:0: [sdb] Assuming drive cache: write through
[    7.146417] sd 2:0:1:0: [sdb] Attached SCSI disk
[    7.165544] sd 2:0:0:0: [sda] Write Protect is off
[    7.214673] sd 2:0:0:0: [sda] Incomplete mode parameter data
[    7.233773] sd 2:0:0:0: [sda] Assuming drive cache: write through
[    7.236660]  sda: sda1
[    7.238362] sd 2:0:0:0: [sda] Attached SCSI disk
Begin: Loading essential drivers ... [    8.844107] raid6: sse2x1   gen()  8538 MB/s
[    8.900077] raid6: sse2x1   xor()  6217 MB/s
[    8.952078] raid6: sse2x2   gen() 11229 MB/s
[    9.004031] raid6: sse2x2   xor()  7705 MB/s
[    9.052031] raid6: sse2x4   gen() 13188 MB/s
[    9.108061] raid6: sse2x4   xor()  7283 MB/s
[    9.160069] raid6: avx2x1   gen() 16560 MB/s
[    9.216132] raid6: avx2x1   xor() 12955 MB/s
[    9.264025] raid6: avx2x2   gen() 22940 MB/s
[    9.316069] raid6: avx2x2   xor() 14242 MB/s
[    9.364068] raid6: avx2x4   gen() 25759 MB/s
[    9.416036] raid6: avx2x4   xor() 16370 MB/s
[    9.420821] raid6: using algorithm avx2x4 gen() 25759 MB/s
[    9.421782] raid6: .... xor() 16370 MB/s, rmw enabled
[    9.422690] raid6: using avx2x2 recovery algorithm
[    9.426305] xor: automatically using best checksumming function   avx       
[    9.475251] async_tx: api initialized (async)
done.
Begin: Running /scripts/init-premount ... done.
Begin: Mounting root file system ... Begin: Running /scripts/local-top ... done.
Begin: Running /scripts/local-premount ... [    9.538268] Btrfs loaded, crc32c=crc32c-intel
Scanning for Btrfs filesystems
done.
Warning: fsck no[    9.741241] EXT4-fs (sda1): mounted filesystem with ordered data mode. Opts: (null)
t present, so skipping root file system
done.
Begin: Running /scripts/local-bottom ... done.
Begin: Running /scripts/init-bottom ... done.
[   10.012881] ip_tables: (C) 2000-2006 Netfilter Core Team
[   10.046238] systemd[1]: systemd 237 running in system mode. (+PAM +AUDIT +SELINUX +IMA +APPARMOR +SMACK +SYSVINIT +UTMP +LIBCRYPTSETUP +GCRYPT +GNUTLS +ACL +XZ +LZ4 +SECCOMP +BLKID +ELFUTILS +KMOD -IDN2 +IDN -PCRE2 default-hierarchy=hybrid)
[   10.605013] systemd[1]: Detected virtualization oracle.
[   10.605947] systemd[1]: Detected architecture x86-64.

Welcome to [1mUbuntu 18.04.1 LTS[0m!

[   10.633020] systemd[1]: Set hostname to <ubuntu>.
[   10.652624] systemd[1]: Initializing machine ID from random generator.
[   10.688124] systemd[1]: Installed transient /etc/machine-id file.
[   10.936191] systemd[1]: Created slice System Slice.
[[0;32m  OK  [0m] Created slice System Slice.
[   10.952256] systemd[1]: Listening on LVM2 poll daemon socket.
[[0;32m  OK  [0m] Listening on LVM2 poll daemon socket.
[   10.994459] systemd[1]: Listening on Journal Audit Socket.
[[0;32m  OK  [0m] Listening on Journal Audit Socket.
[   11.007549] systemd[1]: Created slice system-serial\x2dgetty.slice.
[[0;32m  OK  [0m] Created slice system-serial\x2dgetty.slice.
[[0;32m  OK  [0m] Listening on udev Kernel Socket.
[[0;32m  OK  [0m] Started Forward Password Requests to Wall Directory Watch.
[[0;32m  OK  [0m] Listening on Journal Socket.
         Mounting Kernel Debug File System...
         Starting Uncomplicated firewall...
         Starting Create list of required st…ce nodes for the current kernel...
[[0;32m  OK  [0m] Set up automount Arbitrary Executab…rmats File System Automount Point.
[[0;32m  OK  [0m] Listening on udev Control Socket.
         Starting udev Coldplug all Devices...
         Mounting POSIX Message Queue File System...
[[0;32m  OK  [0m] Listening on LVM2 metadata daemon socket.
[[0;32m  OK  [0m] Reached target User and Group Name Lookups.
[[0;32m  OK  [0m] Listening on Journal Socket (/dev/log).
[[0;32m  OK  [0m] Created slice User and Session Slice.
[[0;32m  OK  [0m] Reached target Slices.
         Starting Load Kernel Modules...
[[0;32m  OK  [0m] Listening on Syslog Socket.
         Starting Journal Service...
         Starting Remount Root and Kernel File Systems...
[[0;32m  OK  [0m] Listening on /dev/initctl Compatibility Named Pipe.
         Starting Set the console keyboard layout...
[[0;32m  OK  [0m] [   11.329478] Loading iSCSI transport class v2.0-870.
Listening on Device-mapper event daemon FIFOs.
         Starting Monitoring of LVM2 mirrors…ng dmeventd or progress polling...
[[0;32m  OK  [0m] Listening on Network Service Netlink Socket.
[[0;32m  OK  [0m] Reached target System Time Synchronized.
         Mounting Huge Pages File System...
[[0;32m  OK  [0m] Reached target Swap.
[[0;32m  OK  [0m] Mounted Kernel Debug File System.
[[0;32m  OK  [0m] Started Uncomplicated firewall.
[[0;32m  OK  [0m] Started Create list of required sta…vice nodes for the current kernel.
[[0;32m  OK  [0m] Mounted POSIX Me[   11.403359] EXT4-fs (sda1): re-mounted. Opts: (null)
ssage Queue File System.
[[0;32m  OK  [0m] Mounted Huge Pages File System.
[[0;32m  OK  [0m] Started LVM2 metadata daemon.
[   11.435177] iscsi: registered transport (tcp)
         Starting Create Static Device Nodes in /dev...
[[0;32m  OK  [0m] Started Remount Root and Kernel File Systems.
         Starting Initial cloud-init job (pre-networking)...
         Starting Load/Save Random Seed...
[[0;32m  OK  [0m] Started Journal Service.
[[0;32m  OK  [0m] Started Create Static Device Nodes in /dev.
[   11.507654] random: crng init done
[   11.510627] random: 7 urandom warning(s) missed due to ratelimiting
         Starting udev Kernel Device Manager...
         Starting Flush Journal to Persistent Storage...
[[0;32m  OK  [0m] Started udev Coldplug all Devices.
[[0;32m  OK  [0m] Started Load/Save Random Seed.
[   11.576750] iscsi: registered transport (iser)
[[0;32m  OK  [0m] Started Load Kernel Modules.
         Mounting FUSE Control File System...
         Starting Apply Kernel Variables...
         Mounting Kernel Configuration File System...
[[0;32m  OK  [0m] Started udev Kernel Device Manager.
[[0;32m  OK  [0m] Mounted FUSE Control File System.
[[0;32m  OK  [0m] Mounted Kernel Configuration File System.
[   11.690051] systemd-journald[384]: Received request to flush runtime journal from PID 1
[[0;32m  OK  [0m] Started Monitoring of LVM2 mirrors,…sing dmeventd or progress polling.
[[0;32m  OK  [0m] Started Apply Kernel Variables.
[[0;32m  OK  [0m] Started Flush Journal to Persistent Storage.
[[0;32m  OK  [0m] Found device /dev/ttyS0.
[[0;32m  OK  [0m] Listening on Load/Save RF Kill Switch Status /dev/rfkill Watch.
[[0;32m  OK  [0m] Started Set the console keyboard layout.
[[0;32m  OK  [0m] Reached target Local File Systems (Pre).
[[0;32m  OK  [0m] Reached target Local File Systems.
         Starting Create Volatile Files and Directories...
         Starting AppArmor initialization...
         Starting Set console font and keymap...
         Starting Commit a transient machine-id on disk...
         Starting ebtables ruleset management...
         Starting Tell Plymouth To Write Out Runtime Data...
[[0;32m  OK  [0m] Started Dispatch Password Requests to Console Directory Watch.
[[0;32m  OK  [0m] Reached target Local Encrypted Volumes.
[[0;32m  OK  [0m] Started Create Volatile Files and Directories.
[[0;32m  OK  [0m] Started Commit a transient machine-id on disk.
[[0;32m  OK  [0m] Started Tell Plymouth To Write Out Runtime Data.
         Starting Update UTMP about System Boot/Shutdown...
[[0;32m  OK  [0m] Started Update UTMP about System Boot/Shutdown.
[[0;32m  OK  [0m] Started ebtables ruleset management.
[   14.371513] cloud-init[398]: Cloud-init v. 18.4-0ubuntu1~18.04.1 running 'init-local' at Mon, 21 Jan 2019 21:41:23 +0000. Up 13.36 seconds.
[[0;32m  OK  [0m] Started Initial cloud-init job (pre-networking).
[[0;32m  OK  [0m] Reached target Network (Pre).
         Starting Network Service...
[[0;32m  OK  [0m] Started Network Service.
         Starting Wait for Network to be Configured...
         Starting Network Name Resolution...
[[0;32m  OK  [0m] Started Network Name Resolution.
[[0;32m  OK  [0m] Reached target Host and Network Name Lookups.
[[0;32m  OK  [0m] Reached target Network.
[[0;32m  OK  [0m] Started AppArmor initialization.
[[0;32m  OK  [0m] Started Set console font and keymap.
[[0;32m  OK  [0m] Started Wait for Network to be Configured.
         Starting Initial cloud-init job (metadata service crawler)...
[   16.950545] cloud-init[900]: Cloud-init v. 18.4-0ubuntu1~18.04.1 running 'init' at Mon, 21 Jan 2019 21:41:27 +0000. Up 16.76 seconds.
[   16.969843] cloud-init[900]: ci-info: ++++++++++++++++++++++++++++++++++++++Net device info++++++++++++++++++++++++++++++++++++++
[   16.976009] cloud-init[900]: ci-info: +--------+-------+---------------------------+---------------+--------+-------------------+
[   17.030108] cloud-init[900]: ci-info: | Device |   Up  |          Address          |      Mask     | Scope  |     Hw-Address    |
[   17.045703] cloud-init[900]: ci-info: +--------+-------+---------------------------+---------------+--------+-------------------+
[   17.054586] cloud-init[900]: ci-info: | enp0s3 |  True |         10.0.2.15         | 255.255.255.0 | global | 02:98:04:24:a5:26 |
[   17.063012] cloud-init[900]: ci-info: | enp0s3 |  True | fe80::98:4ff:fe24:a526/64 |       .       |  link  | 02:98:04:24:a5:26 |
[   17.071694] cloud-init[900]: ci-info: | enp0s8 | False |             .             |       .       |   .    | 08:00:27:a0:4a:35 |
[   17.081786] cloud-init[900]: ci-info: |   lo   |  True |         127.0.0.1         |   255.0.0.0   |  host  |         .         |
[   17.090139] cloud-init[900]: ci-info: |   lo   |  True |          ::1/128          |       .       |  host  |         .         |
[   17.098934] cloud-init[900]: ci-info: +--------+-------+---------------------------+---------------+--------+-------------------+
[   17.110624] cloud-init[900]: ci-info: ++++++++++++++++++++++++++++Route IPv4 info+++++++++++++++++++++++++++++
[   17.130152] cloud-init[900]: ci-info: +-------+-------------+----------+-----------------+-----------+-------+
[   17.156297] cloud-init[900]: ci-info: | Route | Destination | Gateway  |     Genmask     | Interface | Flags |
[   17.176033] cloud-init[900]: ci-info: +-------+-------------+----------+-----------------+-----------+-------+
[   17.191777] cloud-init[900]: ci-info: |   0   |   0.0.0.0   | 10.0.2.2 |     0.0.0.0     |   enp0s3  |   UG  |
[   17.224257] cloud-init[900]: ci-info: |   1   |   10.0.2.0  | 0.0.0.0  |  255.255.255.0  |   enp0s3  |   U   |
[   17.242961] cloud-init[900]: ci-info: |   2   |   10.0.2.2  | 0.0.0.0  | 255.255.255.255 |   enp0s3  |   UH  |
[   17.256143] cloud-init[900]: ci-info: +-------+-------------+----------+-----------------+-----------+-------+
[   17.264588] cloud-init[900]: ci-info: +++++++++++++++++++Route IPv6 info+++++++++++++++++++
[   17.292980] cloud-init[900]: ci-info: +-------+-------------+---------+-----------+-------+
[   17.344356] cloud-init[900]: ci-info: | Route | Destination | Gateway | Interface | Flags |
[   17.377938] cloud-init[900]: ci-info: +-------+-------------+---------+-----------+-------+
[   17.425626] cloud-init[900]: ci-info: |   1   |  fe80::/64  |    ::   |   enp0s3  |   U   |
[   17.445945] cloud-init[900]: ci-info: |   3   |    local    |    ::   |   enp0s3  |   U   |
[   17.454830] cloud-init[900]: ci-info: |   4   |   ff00::/8  |    ::   |   enp0s3  |   U   |
[   17.504336] cloud-init[900]: ci-info: +-------+-------------+---------+-----------+-------+
[   18.106534] cloud-init[900]: Generating public/private rsa key pair.
[   18.172935] cloud-init[900]: Your identification has been saved in /etc/ssh/ssh_host_rsa_key.
[   18.182528] cloud-init[900]: Your public key has been saved in /etc/ssh/ssh_host_rsa_key.pub.
[[   18.216469] cloud-init[900]: The key fingerprint is:
[   18.216685] cloud-init[900]: SHA256:+fWSB1x9af0N8/+L4XoLcd3OB9gCYZkGZwVDcUpJr8Q root@ubuntu-bionic
[   18.217541] cloud-init[900]: The key's randomart image is:
[   18.218387] cloud-init[900]: +---[RSA 2048]----+
[0;32m  OK  [0m] Started Initial cloud-init job (metadata service crawler).
[   18.219335] cloud-init[900]: |        .+%Bo    |
[[0;32m  OK  [0m[   18.248017] cloud-init[900]: |         *=*   .o|
] Reached target Cloud-config availability.
[[0;32m  OK  [0m[   18.272373] ] cloud-initReached target Network is Online.
[900]: |         .E . +o+|
[[   18.304386] cloud-init[900]: |         o + +o+=|
[   18.304604] cloud-init[900]: |        S ..*.o.=|
[   18.305316] cloud-init[900]: |         . .o= +.|
[   18.305985] cloud-init[900]: |          ..o.o =|
[0;32m  OK  [0m] Reached target Remote File Systems (Pre).
[   18.306649] cloud-init[900]: |            o+o o|
[[0;32m  OK  [0m] Reached target Remote File Systems.
[   18.338804] cloud-init[900]: |           .o+..o|
         [   18.416835] Starting Availability of block devices...cloud-init
[900]: +----[SHA256]-----+
[[   18.438935] cloud-init[900]: Generating public/private dsa key pair.
[   18.440407] cloud-init[900]: Your identification has been saved in /etc/ssh/ssh_host_dsa_key.
[0;32m  OK  [0m] Reached target System Initialization.
[   18.441120] cloud-init[900]: Your public key has been saved in /etc/ssh/ssh_host_dsa_key.pub.
[   18.459007] cloud-init[900]: The key fingerprint is:
[[   18.476585] cloud-init[900]: SHA256:lmDj9aODrli3s9TlxiUqqq8Vo1wVNdqu8F9AdrDkX0g root@ubuntu-bionic
[   18.477158] cloud-init[900]: The key's randomart image is:[0;32m  OK  [0m
] Started Message of the Day.
[   18.477509] cloud-init[900]: +---[DSA 1024]----+
         Starting Socket activation for snappy daemon.[   18.603723] 
cloud-init[900]: |      ..= E      |
[[   18.625950] cloud-init[900]: |       * = .     |
[   18.626382] cloud-init[900]: |      * B o .    |
[   18.629738] cloud-init[900]: |     + B = .     |
[   18.630549] cloud-init[900]: |    = . S * .    |
[   18.634654] cloud-init[900]: | . o = = B +     |
[   18.639617] cloud-init[900]: |  o o B = =      |
[   18.642249] cloud-init[900]: |   + =.+ +       |
[   18.648627] cloud-init[900]: |  +++.+o.        |
[   18.651103] cloud-init[900]: +----[SHA256]-----+
[   18.653571] cloud-init[900]: Generating public/private ecdsa key pair.
[   18.659334] cloud-init[900]: Your identification has been saved in /etc/ssh/ssh_host_ecdsa_key.
[   18.661760] cloud-init[900]: Your public key has been saved in /etc/ssh/ssh_host_ecdsa_key.pub.
[   18.662679] cloud-init[900]: The key fingerprint is:
[0;32m  OK  [0m] Listening on ACPID Listen Socket.
[   18.663226] cloud-init[900]: SHA256:5E01bg1CQmWV+rml1/BSUPmjze5c0OVjiCO+0SmCuQk root@ubuntu-bionic
         Starting LXD - unix socket.
[[0;32m  OK  [0m] Started Daily apt download activities.
[[0;32m  OK  [0m] Started Daily apt upgrade and clean activities.
[[0;32m  OK  [0m] Listening on D-Bus System Message Bus Socket.
[[0;32m  OK  [0m[   18.770810] cloud-init[900]: The key's randomart image is:
[   18.900921] cloud-init[900]: +---[ECDSA 256]---+
[   18.901069] cloud-init[900]: |       .oo=.=.  .|
[   18.901164] cloud-init[900]: |         o +.+ ..|
[   18.901305] cloud-init[900]: |        . ..o ..o|
[   18.901397] cloud-init[900]: |       o o... o+o|
[   18.901494] cloud-init[900]: |        S..+ o=++|
[   18.901590] cloud-init[900]: |      o . o =.++o|
[   18.901700] cloud-init[900]: |   E o . + o +.=.|
[   18.901793] cloud-init[900]: |    . o . + o +.+|
[   18.901889] cloud-init[900]: |     o   .   ..+ |
[   18.901993] cloud-init[900]: +----[SHA256]-----+
[   18.902082] cloud-init[900]: Generating public/private ed25519 key pair.
[   18.902189] cloud-init[900]: Your identification has been saved in /etc/ssh/ssh_host_ed25519_key.
[   18.902286] cloud-init[900]: Your public key has been saved in /etc/ssh/ssh_host_ed25519_key.pub.
[   18.902415] cloud-init[900]: The key fingerprint is:
[   18.902503] cloud-init[900]: SHA256:pzGSNpdvB4SPqGLYvhcBAJiA/VeW51wV29WQqlFjFdM root@ubuntu-bionic
[   18.902599] cloud-init[900]: The key's randomart image is:
[   18.902673] cloud-init[900]: +--[ED25519 256]--+
[   18.902755] cloud-init[900]: |O+       .   oB*o|
[   18.902843] cloud-init[900]: |+ o     +.. = .+E|
[   18.902926] cloud-init[900]: |   o   o.+.+ o. .|
[   18.903009] cloud-init[900]: |    o .o =+ .    |
[   18.903091] cloud-init[900]: |     o* S +o     |
[   18.903308] cloud-init[900]: | o  .o + *..     |
[   18.903930] cloud-init[900]: |. + ..  . o .    |
[   18.904090] cloud-init[900]: | o ..    . .     |
[   18.904796] cloud-init[900]: |  oo             |
[   18.904910] cloud-init[900]: +----[SHA256]-----+
] Listening on UUID daemon activation socket.
[[0;32m  OK  [0m] Started Discard unused blocks once a week.
[[0;32m  OK  [0m] Listening on Open-iSCSI iscsid Socket.
[[0;32m  OK  [0m] Started Daily Cleanup of Temporary Directories.
[[0;32m  OK  [0m] Reached target Timers.
[[0;32m  OK  [0m] Started ACPI Events Check.
[[0;32m  OK  [0m] Reached target Paths.
[[0;32m  OK  [0m] Started Availability of block devices.
[[0;32m  OK  [0m] Listening on Socket activation for snappy daemon.
[[0;32m  OK  [0m] Listening on LXD - unix socket.
[[0;32m  OK  [0m] Reached target Sockets.
[[0;32m  OK  [0m] Reached target Basic System.
         Starting LSB: automatic crash report generation...
         Starting Dispatcher daemon for systemd-networkd...
[[0;32m  OK  [0m] Started Regular background program processing daemon.
[[0;32m  OK  [0m] Started D-Bus System Message Bus.
         Starting LSB: Record successful boot for GRUB...
         Starting LXD - container startup/shutdown...
[[0;32m  OK  [0m] Started FUSE filesystem for LXC.
[[0;32m  OK  [0m] Started Deferred execution scheduler.
         Starting Login Service...
         Starting Virtualbox guest utils...
         Starting Permit User Sessions...
         Starting Pollinate to seed the pseudo random number generator...
[[0;32m  OK  [0m] Started irqbalance daemon.
         Starting System Logging Service...
         Starting Accounts Service...
         Starting Snappy daemon...
[[0;32m  OK  [0m] Started Permit User Sessions.
[[0;32m  OK  [0m] Started Login Service.
[[0;32m  OK  [0m] Started Unattended Upgrades Shutdown.
         Starting Hold until boot process finishes up...
         Starting Terminate Plymouth Boot Screen...
[[0;32m  OK  [0m] Started Hold until boot process finishes up.
[[0;32m  OK  [0m] Started Terminate Plymouth Boot Screen.
         Starting Set console scheme...
[[0;32m  OK  [0m] Started Serial Getty on ttyS0.
[[0;32m  OK  [0m] Started System Logging Service.
[[0;32m  OK  [0m] Started LSB: automatic crash report generation.
[[0;32m  OK  [0m] Started Set console scheme.
[[0;32m  OK  [0m] Created slice system-getty.slice.
[[0;32m  OK  [0m] Started Getty on tty1.
[[0;32m  OK  [0m] Reached target Login Prompts.
         Starting Authorization Manager...
[[0;32m  OK  [0m] Started LXD - container startup/shutdown.
[[0;32m  OK  [0m] Started Dispatcher daemon for systemd-networkd.
[[0;32m  OK  [0m] Started LSB: Record successful boot for GRUB.
[[0;32m  OK  [0m] Started Virtualbox guest utils.
[[0;32m  OK  [0m] Started Authorization Manager.
[[0;32m  OK  [0m] Started Accounts Service.
[[0;32m  OK  [0m] Started Snappy daemon.
         Starting Wait until snapd is fully seeded...
[[0;32m  OK  [0m] Started Pollinate to seed the pseudo random number generator.
         Starting OpenBSD Secure Shell server...
[[0;32m  OK  [0m] Started OpenBSD Secure Shell server.
[[0;32m  OK  [0m] Created slice User Slice of vagrant.
         Starting User Manager for UID 1000...
[[0;32m  OK  [0m] Started Session 1 of user vagrant.
[[0;32m  OK  [0m] Started User Manager for UID 1000.
[[0;32m  OK  [0m] Started Wait until snapd is fully seeded.
         Starting Apply the settings specified in cloud-config...
[[0;32m  OK  [0m] Reached target Multi-User System.
[[0;32m  OK  [0m] Reached target Graphical Interface.
         Starting Update UTMP about System Runlevel Changes...
[[0;32m  OK  [0m] Started Update UTMP about System Runlevel Changes.
[   25.879009] cloud-init[1423]: Cloud-init v. 18.4-0ubuntu1~18.04.1 running 'modules:config' at Mon, 21 Jan 2019 21:41:35 +0000. Up 25.29 seconds.
ci-info: no authorized ssh keys fingerprints found for user ubuntu.
<14>Jan 21 21:41:36 ec2: 
<14>Jan 21 21:41:36 ec2: #############################################################
<14>Jan 21 21:41:36 ec2: -----BEGIN SSH HOST KEY FINGERPRINTS-----
<14>Jan 21 21:41:36 ec2: 1024 SHA256:lmDj9aODrli3s9TlxiUqqq8Vo1wVNdqu8F9AdrDkX0g root@ubuntu-bionic (DSA)
<14>Jan 21 21:41:36 ec2: 256 SHA256:5E01bg1CQmWV+rml1/BSUPmjze5c0OVjiCO+0SmCuQk root@ubuntu-bionic (ECDSA)
<14>Jan 21 21:41:36 ec2: 256 SHA256:pzGSNpdvB4SPqGLYvhcBAJiA/VeW51wV29WQqlFjFdM root@ubuntu-bionic (ED25519)
<14>Jan 21 21:41:36 ec2: 2048 SHA256:+fWSB1x9af0N8/+L4XoLcd3OB9gCYZkGZwVDcUpJr8Q root@ubuntu-bionic (RSA)
<14>Jan 21 21:41:36 ec2: -----END SSH HOST KEY FINGERPRINTS-----
<14>Jan 21 21:41:36 ec2: #############################################################
-----BEGIN SSH HOST KEY KEYS-----
ecdsa-sha2-nistp256 AAAAE2VjZHNhLXNoYTItbmlzdHAyNTYAAAAIbmlzdHAyNTYAAABBBLoL3z/kteI2uf90rXybm0FCKA6Fb7TGhaLzN0f7ubXzbI5SJ9vzMBfUv3kU0GI2P68yFKyUs2ert1sd/ExVNa4= root@ubuntu-bionic
ssh-ed25519 AAAAC3NzaC1lZDI1NTE5AAAAIG/G0fhtQMb7ot6H14523wWPT/HEQ+6VyF3W5EVsEqPv root@ubuntu-bionic
ssh-rsa AAAAB3NzaC1yc2EAAAADAQABAAABAQDX7Sd/isZA4tdZtWXCXP4KmjIh9UYsHvIzSGmAyejBufcqeK2mRcN/TH+qrTjQKVIO3O7znSaKvh7fUgmPTtkIj+t96ij/Lr84OAugwA2HmBeSVJlMtI4rIkuk13fLNGigW/n4gv9bC8sFnahNAdIwCQ4RviKvrTcESydLMiYtztLC3Heg9JGZmm0DsjUs+e2bjwsWMZ7Pgml6sRNZbgFvfZt6jct0MEgLJyRz39ADvhy9bLw+Qn++gq2h4V4Huc/k8kzvdNBAMoqplCGdt3SsClVEUtQY3e3nnUO4KpRhI+Zc+fqiFi+5ETohJPqtjU77uSZhdfQrPf6KZ/PIaoPP root@ubuntu-bionic
-----END SSH HOST KEY KEYS-----
[   26.705541] cloud-init[1515]: Cloud-init v. 18.4-0ubuntu1~18.04.1 running 'modules:final' at Mon, 21 Jan 2019 21:41:36 +0000. Up 26.50 seconds.
[   26.705679] cloud-init[1515]: ci-info: no authorized ssh keys fingerprints found for user ubuntu.
[   26.705747] cloud-init[1515]: Cloud-init v. 18.4-0ubuntu1~18.04.1 finished at Mon, 21 Jan 2019 21:41:36 +0000. Datasource DataSourceNoCloud [seed=/dev/sdb][dsmode=net].  Up 26.69 seconds

Ubuntu 18.04.1 LTS ubuntu-bionic ttyS0

ubuntu-bionic login: 